[PREINITIALIZATION][CLIENT][INFO] Current loaders after merging: [[preinit]]
[PREINITIALIZATION][CLIENT][INFO] Loading scripts for loader with names [preinit]
[PREINITIALIZATION][CLIENT][INFO] [preinit | SIDE_CLIENT]: Skipping file {[0:crafttweaker]: recipes.zs} as we are currently loading with a different loader
[PREINITIALIZATION][CLIENT][INFO] Completed script loading in: 1ms
[INITIALIZATION][CLIENT][INFO] CraftTweaker: Building registry
[INITIALIZATION][CLIENT][INFO] CraftTweaker: Successfully built item registry
[INITIALIZATION][CLIENT][INFO] Current loaders after merging: [[preinit], [recipeevent | crafttweaker]]
[INITIALIZATION][CLIENT][INFO] Loading scripts for loader with names [crafttweaker | recipeevent]
[INITIALIZATION][CLIENT][INFO] [crafttweaker | SIDE_CLIENT]: Loading Script: {[0:crafttweaker]: recipes.zs}
[INITIALIZATION][CLIENT][INFO] Completed script loading in: 217ms
[POSTINITIALIZATION][CLIENT][INFO] Removing Shaped recipes for <icbmclassic:missile:26>
[POSTINITIALIZATION][CLIENT][INFO] 0 removed
[POSTINITIALIZATION][CLIENT][INFO] Removing Shaped recipes for <icbmclassic:explosives:23>
[POSTINITIALIZATION][CLIENT][INFO] 1 removed
[POSTINITIALIZATION][CLIENT][INFO] Removing Shaped recipes for <icbmclassic:explosives:22>
[POSTINITIALIZATION][CLIENT][INFO] 1 removed
[POSTINITIALIZATION][CLIENT][INFO] Removing Shaped recipes for <icbmclassic:explosives:15>
[POSTINITIALIZATION][CLIENT][INFO] 0 removed
[POSTINITIALIZATION][CLIENT][INFO] Adding shaped recipe for Anti-ballistic Missile with name ct_shaped1019099534
[POSTINITIALIZATION][CLIENT][INFO] Adding shaped recipe for EMP Explosives with name ct_shaped149068396
[POSTINITIALIZATION][CLIENT][INFO] Adding shaped recipe for Red Matter Explosives with name ct_shaped142124588
[POSTINITIALIZATION][CLIENT][INFO] Adding shaped recipe for Antimatter Explosives with name ct_shaped-115004209
[POSTINITIALIZATION][CLIENT][INFO] Adding shaped recipe for Nuclear Explosives with name ct_shaped-822108876
